<?xml version="1.0" encoding="UTF-8"?>
<Site BuildName="Linux-c++"
	BuildStamp="20240224-1259-Experimental"
	Name="anton-SVE1511V1RB"
	Generator="ctest-3.16.3"
	CompilerName="/usr/bin/c++"
	CompilerVersion="9.4.0"
	OSName="Linux"
	Hostname="anton-SVE1511V1RB"
	OSRelease="5.4.0-172-generic"
	OSVersion="#190-Ubuntu SMP Fri Feb 2 23:24:22 UTC 2024"
	OSPlatform="x86_64"
	Is64Bits="1"
	VendorString="GenuineIntel"
	VendorID="Intel Corporation"
	FamilyID="6"
	ModelID="58"
	ProcessorCacheSize="6144"
	NumberOfLogicalCPU="8"
	NumberOfPhysicalCPU="4"
	TotalVirtualMemory="2047"
	TotalPhysicalMemory="7915"
	LogicalProcessorsPerPhysical="2"
	ProcessorClockFrequency="2793.41"
	>
	<Testing>
		<StartDateTime>Feb 24 15:59 MSK</StartDateTime>
		<StartTestTime>1708779593</StartTestTime>
		<TestList/>
		<EndDateTime>Feb 24 15:59 MSK</EndDateTime>
		<EndTestTime>1708779593</EndTestTime>
		<ElapsedMinutes>0</ElapsedMinutes>
	</Testing>
</Site>
