<?xml version="1.0" encoding="UTF-8"?>
<Site BuildName="Linux-c++"
	BuildStamp="20240221-1705-Experimental"
	Name="anton-SVE1511V1RB"
	Generator="ctest-3.16.3"
	CompilerName="/usr/bin/c++"
	CompilerVersion="9.4.0"
	OSName="Linux"
	Hostname="anton-SVE1511V1RB"
	OSRelease="5.4.0-171-generic"
	OSVersion="#189-Ubuntu SMP Fri Jan 5 14:23:02 UTC 2024"
	OSPlatform="x86_64"
	Is64Bits="1"
	VendorString="GenuineIntel"
	VendorID="Intel Corporation"
	FamilyID="6"
	ModelID="58"
	ProcessorCacheSize="6144"
	NumberOfLogicalCPU="8"
	NumberOfPhysicalCPU="4"
	TotalVirtualMemory="2047"
	TotalPhysicalMemory="7915"
	LogicalProcessorsPerPhysical="2"
	ProcessorClockFrequency="2247.75"
	>
	<Testing>
		<StartDateTime>Feb 21 20:05 MSK</StartDateTime>
		<StartTestTime>1708535158</StartTestTime>
		<TestList/>
		<EndDateTime>Feb 21 20:05 MSK</EndDateTime>
		<EndTestTime>1708535158</EndTestTime>
		<ElapsedMinutes>0</ElapsedMinutes>
	</Testing>
</Site>
